<?xml version="1.0" encoding="UTF-8"?>
<testsuite xmlns:xsi="http://www.w3.org/2001/XMLSchema-instance" xsi:noNamespaceSchemaLocation="https://maven.apache.org/surefire/maven-surefire-plugin/xsd/surefire-test-report.xsd" name="com.example.TicketTest" time="0.085" tests="18" errors="0" skipped="0" failures="0">
  <properties>
[...]
</properties>
  <testcase name="testcase10" classname="com.example.TicketTest" time="0.003"/>
  <testcase name="testcase11" classname="com.example.TicketTest" time="0.001"/>
  <testcase name="testcase12" classname="com.example.TicketTest" time="0"/>
  <testcase name="testcase13" classname="com.example.TicketTest" time="0"/>
  <testcase name="testcase14" classname="com.example.TicketTest" time="0"/>
  <testcase name="testcase15" classname="com.example.TicketTest" time="0"/>
  <testcase name="testcase16" classname="com.example.TicketTest" time="0"/>
  <testcase name="testcase17" classname="com.example.TicketTest" time="0"/>
  <testcase name="testcase18" classname="com.example.TicketTest" time="0"/>
  <testcase name="testcase1" classname="com.example.TicketTest" time="0.001"/>
  <testcase name="testcase2" classname="com.example.TicketTest" time="0"/>
  <testcase name="testcase3" classname="com.example.TicketTest" time="0"/>
  <testcase name="testcase4" classname="com.example.TicketTest" time="0"/>
  <testcase name="testcase5" classname="com.example.TicketTest" time="0"/>
  <testcase name="testcase6" classname="com.example.TicketTest" time="0"/>
  <testcase name="testcase7" classname="com.example.TicketTest" time="0"/>
  <testcase name="testcase8" classname="com.example.TicketTest" time="0.001"/>
  <testcase name="testcase9" classname="com.example.TicketTest" time="0"/>
</testsuite>